<?xml version="1.0" encoding="UTF-8"?>
<!-- Generated by org.testng.reporters.JUnitReportReporter -->
<testsuite skipped="0" hostname="DESKTOP-IRTQH73" name="com.automationpractice.testcases.RegistrationPageTest" tests="6" failures="0" timestamp="07 Jun 2019 13:00:58 GMT" time="181.793" errors="0">
  <testcase name="createAccountTest" time="30.971" classname="com.automationpractice.testcases.RegistrationPageTest"/>
  <testcase name="createAccountTest" time="37.729" classname="com.automationpractice.testcases.RegistrationPageTest"/>
  <testcase name="createAccountTest" time="24.501" classname="com.automationpractice.testcases.RegistrationPageTest"/>
  <testcase name="createAccountTest" time="26.318" classname="com.automationpractice.testcases.RegistrationPageTest"/>
  <testcase name="createAccountTest" time="30.785" classname="com.automationpractice.testcases.RegistrationPageTest"/>
  <testcase name="createAccountTest" time="31.489" classname="com.automationpractice.testcases.RegistrationPageTest"/>
</testsuite> <!-- com.automationpractice.testcases.RegistrationPageTest -->
