<?xml version="1.0" encoding="UTF-8"?>
<!-- Generated by org.testng.reporters.JUnitReportReporter -->
<testsuite skipped="0" hostname="THAKUR" name="com.automationpractice.testcases.LoginPageTest" tests="1" failures="0" timestamp="20 Jun 2018 14:02:45 GMT" time="11.482" errors="0">
  <testcase name="f" time="11.482" classname="com.automationpractice.testcases.LoginPageTest"/>
</testsuite> <!-- com.automationpractice.testcases.LoginPageTest -->
