<?xml version="1.0" encoding="UTF-8"?>
<!-- Generated by org.testng.reporters.JUnitReportReporter -->
<testsuite skipped="0" hostname="THAKUR" name="com.automationpractice.testcases.LoginPageTest" tests="1" failures="0" timestamp="20 Jun 2018 13:47:00 GMT" time="12.029" errors="0">
  <testcase name="f" time="12.029" classname="com.automationpractice.testcases.LoginPageTest"/>
</testsuite> <!-- com.automationpractice.testcases.LoginPageTest -->
