<?xml version="1.0" encoding="UTF-8"?>
<!-- Generated by org.testng.reporters.JUnitReportReporter -->
<testsuite skipped="1" hostname="THAKUR" name="com.automationpractice.testcases.RegistrationPageTest" tests="1" failures="0" timestamp="20 Jun 2018 13:47:00 GMT" time="0.000" errors="0">
  <testcase name="createAccountTest" time="0.000" classname="com.automationpractice.testcases.RegistrationPageTest">
    <skipped/>
  </testcase> <!-- createAccountTest -->
</testsuite> <!-- com.automationpractice.testcases.RegistrationPageTest -->
