<?xml version="1.0" encoding="UTF-8"?>
<!-- Generated by org.testng.reporters.JUnitReportReporter -->
<testsuite skipped="0" hostname="DESKTOP-IRTQH73" name="com.automationpractice.testcases.LoginPageTest" tests="1" failures="0" timestamp="07 Jun 2019 13:00:58 GMT" time="84.165" errors="0">
  <testcase name="f" time="84.165" classname="com.automationpractice.testcases.LoginPageTest"/>
</testsuite> <!-- com.automationpractice.testcases.LoginPageTest -->
