<?xml version="1.0" encoding="UTF-8"?>
<!-- Generated by org.testng.reporters.JUnitReportReporter -->
<testsuite skipped="0" hostname="DESKTOP-IRTQH73" name="com.automationpractice.testcases.LoginPageTest" tests="1" failures="0" timestamp="23 Jun 2019 09:04:21 GMT" time="15.613" errors="0">
  <testcase name="f" time="15.613" classname="com.automationpractice.testcases.LoginPageTest"/>
</testsuite> <!-- com.automationpractice.testcases.LoginPageTest -->
