<?xml version="1.0" encoding="UTF-8"?>
<!-- Generated by org.testng.reporters.JUnitReportReporter -->
<testsuite skipped="0" hostname="THAKUR" name="com.automationpractice.testcases.LoginPageTest" tests="1" failures="0" timestamp="19 Jun 2018 08:40:27 GMT" time="11.224" errors="0">
  <testcase name="f" time="11.224" classname="com.automationpractice.testcases.LoginPageTest"/>
</testsuite> <!-- com.automationpractice.testcases.LoginPageTest -->
