<?xml version="1.0" encoding="UTF-8"?>
<!-- Generated by org.testng.reporters.JUnitReportReporter -->
<testsuite skipped="0" hostname="THAKUR" name="com.automationpractice.testcases.RegistrationPageTest" tests="6" failures="0" timestamp="20 Jun 2018 10:31:19 GMT" time="96.776" errors="0">
  <testcase name="createAccountTest" time="16.504" classname="com.automationpractice.testcases.RegistrationPageTest"/>
  <testcase name="createAccountTest" time="17.718" classname="com.automationpractice.testcases.RegistrationPageTest"/>
  <testcase name="createAccountTest" time="14.740" classname="com.automationpractice.testcases.RegistrationPageTest"/>
  <testcase name="createAccountTest" time="14.985" classname="com.automationpractice.testcases.RegistrationPageTest"/>
  <testcase name="createAccountTest" time="16.974" classname="com.automationpractice.testcases.RegistrationPageTest"/>
  <testcase name="createAccountTest" time="15.855" classname="com.automationpractice.testcases.RegistrationPageTest"/>
</testsuite> <!-- com.automationpractice.testcases.RegistrationPageTest -->
